<?xml version="1.0" encoding="UTF-8"?>
<testsuites name="Create New User" time="18.133" tests="3" failures="0" errors="0">
   <testsuite name="Create New User" tests="3" failures="0" errors="0" time="18.133" skipped="0" timestamp="2022-03-23 14:33:01" hostname="sulet - LAPTOP-DQHJD5FF" id="Test Suites/Create New User">
      <properties>
         <property name="deviceName" value=""/>
         <property name="devicePlatform" value=""/>
         <property name="logFolder" value="C:\\Users\\sulet\\Katalon Studio\\AdminOnline\\Reports\\20220323_143252\\Create New User\\20220323_143253"/>
         <property name="logFiles" value="C:\\Users\\sulet\\Katalon Studio\\AdminOnline\\Reports\\20220323_143252\\Create New User\\20220323_143253\\execution0.log"/>
         <property name="attachments" value="C:\\Users\\sulet\\Katalon Studio\\AdminOnline\\Reports\\20220323_143252\\Create New User\\20220323_143253\\screenshots/Test Cases-Open Browser821433.png, C:\\Users\\sulet\\Katalon Studio\\AdminOnline\\Reports\\20220323_143252\\Create New User\\20220323_143253\\screenshots/Test Cases-Login821433.png, C:\\Users\\sulet\\Katalon Studio\\AdminOnline\\Reports\\20220323_143252\\Create New User\\20220323_143253\\screenshots/Test Cases-Add Account821433.png"/>
         <property name="hostName" value="sulet - LAPTOP-DQHJD5FF"/>
         <property name="os" value="Windows 10 64bit"/>
         <property name="katalonVersion" value="8.2.5.208"/>
         <property name="browser" value="Chrome 99.0.4844.82"/>
         <property name="hostAddress" value="192.168.3.94"/>
         <property name="sessionId" value="74d9da8c7698f8697480f8211ccd6c03"/>
         <property name="seleniumVersion" value="3.141.59"/>
         <property name="proxyInformation" value="ProxyInformation { proxyOption=NO_PROXY, proxyServerType=HTTP, username=, password=********, proxyServerAddress=, proxyServerPort=0, executionList=&quot;&quot;, isApplyToDesiredCapabilities=true }"/>
         <property name="platform" value="Windows 10"/>
      </properties>
      <testcase name="Test Cases/Open Browser" time="0.8" classname="Test Cases/Open Browser" status="PASSED">
         <system-out><![CDATA[2022-03-23 14:33:06 - [TEST_CASE][PASSED] - Test Cases/Open Browser: Test Cases/Open Browser

2022-03-23 14:33:06 - [TEST_STEP][PASSED] - Start listener action : sampleBeforeTestCase: null

2022-03-23 14:33:06 - [TEST_STEP][PASSED] - println(testCaseContext.getTestCaseId()): null

2022-03-23 14:33:06 - [TEST_STEP][PASSED] - println(testCaseContext.getTestCaseVariables()): null

2022-03-23 14:33:07 - [TEST_STEP][PASSED] - verifyMatch(getWindowTitle(), "Test System AdminOnline", false): Actual text 'Test System AdminOnline' and expected text 'Test System AdminOnline' are matched 

2022-03-23 14:33:07 - [MESSAGE][PASSED] - Current window's title is: 'Test System AdminOnline'

2022-03-23 14:33:07 - [MESSAGE][PASSED] - Actual text 'Test System AdminOnline' and expected text 'Test System AdminOnline' are matched 

2022-03-23 14:33:07 - [TEST_STEP][PASSED] - Start listener action : sampleAfterTestCase: Taking screenshot successfully

2022-03-23 14:33:07 - [TEST_STEP][PASSED] - dt = LocalDateTime.now(): null

2022-03-23 14:33:07 - [TEST_STEP][PASSED] - dtdayofyear = dt.getDayOfYear(): null

2022-03-23 14:33:07 - [TEST_STEP][PASSED] - dthour = dt.getHour(): null

2022-03-23 14:33:07 - [TEST_STEP][PASSED] - dtminute = dt.getMinute(): null

2022-03-23 14:33:07 - [TEST_STEP][PASSED] - path = "screenshots/" + testCaseId.replace("/", "-") + dtdayofyear + dthour + dtminute + ".png": null

2022-03-23 14:33:07 - [TEST_STEP][PASSED] - println(path): null

2022-03-23 14:33:07 - [TEST_STEP][PASSED] - takeScreenshot(path): Taking screenshot successfully

2022-03-23 14:33:07 - [MESSAGE][PASSED] - Taking screenshot successfully
[[ATTACHMENT|C:\\Users\\sulet\\Katalon Studio\\AdminOnline\\Reports\\20220323_143252\\Create New User\\20220323_143253\\screenshots/Test Cases-Open Browser821433.png]]]]></system-out>
         <system-err><![CDATA[]]></system-err>
      </testcase>
      <testcase name="Test Cases/Login" time="8.033" classname="Test Cases/Login" status="PASSED">
         <system-out><![CDATA[2022-03-23 14:33:07 - [TEST_CASE][PASSED] - Test Cases/Login: Test Cases/Login

2022-03-23 14:33:07 - [TEST_STEP][PASSED] - Start listener action : sampleBeforeTestCase: null

2022-03-23 14:33:07 - [TEST_STEP][PASSED] - println(testCaseContext.getTestCaseId()): null

2022-03-23 14:33:07 - [TEST_STEP][PASSED] - println(testCaseContext.getTestCaseVariables()): null

2022-03-23 14:33:07 - [TEST_STEP][PASSED] - sendKeys(findTestObject("Object Repository/Login Home Page/Login Username"), Username): Keys 'training@iits.co.za' sent to object: 'Object Repository/Login Home Page/Login Username'

2022-03-23 14:33:08 - [MESSAGE][PASSED] - Keys 'training@iits.co.za' sent to object: 'Object Repository/Login Home Page/Login Username'

2022-03-23 14:33:08 - [TEST_STEP][PASSED] - sendKeys(findTestObject("Object Repository/Login Home Page/Login Password"), Password): Keys '123456' sent to object: 'Object Repository/Login Home Page/Login Password'

2022-03-23 14:33:08 - [MESSAGE][PASSED] - Keys '123456' sent to object: 'Object Repository/Login Home Page/Login Password'

2022-03-23 14:33:08 - [TEST_STEP][PASSED] - click(findTestObject("Object Repository/Login Home Page/Login Submit")): Object: 'Object Repository/Login Home Page/Login Submit' is clicked on

2022-03-23 14:33:15 - [MESSAGE][PASSED] - Object: 'Object Repository/Login Home Page/Login Submit' is clicked on

2022-03-23 14:33:15 - [TEST_STEP][PASSED] - Start listener action : sampleAfterTestCase: Taking screenshot successfully

2022-03-23 14:33:15 - [TEST_STEP][PASSED] - dt = LocalDateTime.now(): null

2022-03-23 14:33:15 - [TEST_STEP][PASSED] - dtdayofyear = dt.getDayOfYear(): null

2022-03-23 14:33:15 - [TEST_STEP][PASSED] - dthour = dt.getHour(): null

2022-03-23 14:33:15 - [TEST_STEP][PASSED] - dtminute = dt.getMinute(): null

2022-03-23 14:33:15 - [TEST_STEP][PASSED] - path = "screenshots/" + testCaseId.replace("/", "-") + dtdayofyear + dthour + dtminute + ".png": null

2022-03-23 14:33:15 - [TEST_STEP][PASSED] - println(path): null

2022-03-23 14:33:15 - [TEST_STEP][PASSED] - takeScreenshot(path): Taking screenshot successfully

2022-03-23 14:33:15 - [MESSAGE][PASSED] - Taking screenshot successfully
[[ATTACHMENT|C:\\Users\\sulet\\Katalon Studio\\AdminOnline\\Reports\\20220323_143252\\Create New User\\20220323_143253\\screenshots/Test Cases-Login821433.png]]]]></system-out>
         <system-err><![CDATA[]]></system-err>
      </testcase>
      <testcase name="Test Cases/Add Account" time="3.527" classname="Test Cases/Add Account" status="PASSED">
         <system-out><![CDATA[2022-03-23 14:33:15 - [TEST_CASE][PASSED] - Test Cases/Add Account: Test Cases/Add Account

2022-03-23 14:33:15 - [TEST_STEP][PASSED] - Start listener action : sampleBeforeTestCase: null

2022-03-23 14:33:15 - [TEST_STEP][PASSED] - println(testCaseContext.getTestCaseId()): null

2022-03-23 14:33:15 - [TEST_STEP][PASSED] - println(testCaseContext.getTestCaseVariables()): null

2022-03-23 14:33:16 - [TEST_STEP][PASSED] - click(findTestObject("Add Account Page/Page_Test System AdminOnline/a_New Account")): Object: 'Object Repository/Add Account Page/Page_Test System AdminOnline/a_New Account' is clicked on

2022-03-23 14:33:16 - [MESSAGE][PASSED] - Object: 'Object Repository/Add Account Page/Page_Test System AdminOnline/a_New Account' is clicked on

2022-03-23 14:33:16 - [TEST_STEP][PASSED] - click(findTestObject("Add Account Page/Page_Test System AdminOnline/input_Account Surname_surname")): Object: 'Object Repository/Add Account Page/Page_Test System AdminOnline/input_Account Surname_surname' is clicked on

2022-03-23 14:33:17 - [MESSAGE][PASSED] - Object: 'Object Repository/Add Account Page/Page_Test System AdminOnline/input_Account Surname_surname' is clicked on

2022-03-23 14:33:17 - [TEST_STEP][PASSED] - sendKeys(findTestObject("Add Account Page/Page_Test System AdminOnline/input_Account Surname_surname"), TestUserSurname): Keys '1TestSurname' sent to object: 'Object Repository/Add Account Page/Page_Test System AdminOnline/input_Account Surname_surname'

2022-03-23 14:33:17 - [MESSAGE][PASSED] - Keys '1TestSurname' sent to object: 'Object Repository/Add Account Page/Page_Test System AdminOnline/input_Account Surname_surname'

2022-03-23 14:33:17 - [TEST_STEP][PASSED] - click(findTestObject("Add Account Page/Page_Test System AdminOnline/td_Add Person"), STOP_ON_FAILURE): Object: 'Object Repository/Add Account Page/Page_Test System AdminOnline/td_Add Person' is clicked on

2022-03-23 14:33:18 - [MESSAGE][PASSED] - Object: 'Object Repository/Add Account Page/Page_Test System AdminOnline/td_Add Person' is clicked on

2022-03-23 14:33:18 - [TEST_STEP][PASSED] - sendKeys(findTestObject("Add Account Page/Page_Test System AdminOnline/Page_Test System AdminOnline/input_Name_name"), TestUserName): Keys '1TestName' sent to object: 'Object Repository/Add Account Page/Page_Test System AdminOnline/Page_Test System AdminOnline/input_Name_name'

2022-03-23 14:33:18 - [MESSAGE][PASSED] - Keys '1TestName' sent to object: 'Object Repository/Add Account Page/Page_Test System AdminOnline/Page_Test System AdminOnline/input_Name_name'

2022-03-23 14:33:18 - [TEST_STEP][PASSED] - Start listener action : sampleAfterTestCase: Taking screenshot successfully

2022-03-23 14:33:18 - [TEST_STEP][PASSED] - dt = LocalDateTime.now(): null

2022-03-23 14:33:18 - [TEST_STEP][PASSED] - dtdayofyear = dt.getDayOfYear(): null

2022-03-23 14:33:18 - [TEST_STEP][PASSED] - dthour = dt.getHour(): null

2022-03-23 14:33:18 - [TEST_STEP][PASSED] - dtminute = dt.getMinute(): null

2022-03-23 14:33:18 - [TEST_STEP][PASSED] - path = "screenshots/" + testCaseId.replace("/", "-") + dtdayofyear + dthour + dtminute + ".png": null

2022-03-23 14:33:18 - [TEST_STEP][PASSED] - println(path): null

2022-03-23 14:33:18 - [TEST_STEP][PASSED] - takeScreenshot(path): Taking screenshot successfully

2022-03-23 14:33:19 - [MESSAGE][PASSED] - Taking screenshot successfully
[[ATTACHMENT|C:\\Users\\sulet\\Katalon Studio\\AdminOnline\\Reports\\20220323_143252\\Create New User\\20220323_143253\\screenshots/Test Cases-Add Account821433.png]]]]></system-out>
         <system-err><![CDATA[]]></system-err>
      </testcase>
      <system-out><![CDATA[2022-03-23 14:33:01 - [TEST_SUITE][PASSED] - Create New User: Test Cases/Add Account]]></system-out>
      <system-err><![CDATA[]]></system-err>
   </testsuite>
</testsuites>
