<?xml version="1.0" encoding="UTF-8"?>
<testsuites name="Add Bulk Billing" time="32.904" tests="3" failures="0" errors="0">
   <testsuite name="Add Bulk Billing" tests="3" failures="0" errors="0" time="32.904" skipped="0" timestamp="2022-05-25 08:33:36" hostname="sulet - LAPTOP-DQHJD5FF" id="Test Suites/Add Bulk Billing">
      <properties>
         <property name="deviceName" value=""/>
         <property name="devicePlatform" value=""/>
         <property name="logFolder" value="C:\\Users\\sulet\\Katalon Studio\\AdminOnline\\Reports\\20220525_083330\\Add Bulk Billing\\20220525_083330"/>
         <property name="logFiles" value="C:\\Users\\sulet\\Katalon Studio\\AdminOnline\\Reports\\20220525_083330\\Add Bulk Billing\\20220525_083330\\execution0.log"/>
         <property name="attachments" value=""/>
         <property name="hostName" value="sulet - LAPTOP-DQHJD5FF"/>
         <property name="os" value="Windows 10 64bit"/>
         <property name="katalonVersion" value="8.3.5.208"/>
         <property name="browser" value="Chrome 101.0.4951.67"/>
         <property name="hostAddress" value="192.168.3.94"/>
         <property name="sessionId" value="1b919c885f5d9a3e0d78c9e589161be1"/>
         <property name="seleniumVersion" value="3.141.59"/>
         <property name="proxyInformation" value="ProxyInformation { proxyOption=NO_PROXY, proxyServerType=HTTP, username=, password=********, proxyServerAddress=, proxyServerPort=0, executionList=&quot;&quot;, isApplyToDesiredCapabilities=true }"/>
         <property name="platform" value="Windows 10"/>
      </properties>
      <testcase name="Test Cases/Open Browser" time="0.364" classname="Test Cases/Open Browser" status="PASSED">
         <system-out><![CDATA[2022-05-25 08:33:42 - [TEST_CASE][PASSED] - Test Cases/Open Browser: Test Cases/Open Browser

2022-05-25 08:33:42 - [TEST_STEP][PASSED] - Start listener action : sampleBeforeTestCase: null

2022-05-25 08:33:42 - [TEST_STEP][PASSED] - println(testCaseContext.getTestCaseId()): null

2022-05-25 08:33:42 - [TEST_STEP][PASSED] - println(testCaseContext.getTestCaseVariables()): null

2022-05-25 08:33:42 - [TEST_STEP][PASSED] - verifyMatch(getWindowTitle(), "Test System AdminOnline", false): Actual text 'Test System AdminOnline' and expected text 'Test System AdminOnline' are matched 

2022-05-25 08:33:42 - [MESSAGE][PASSED] - Current window's title is: 'Test System AdminOnline'

2022-05-25 08:33:42 - [MESSAGE][PASSED] - Actual text 'Test System AdminOnline' and expected text 'Test System AdminOnline' are matched 

2022-05-25 08:33:42 - [TEST_STEP][PASSED] - Start listener action : sampleAfterTestCase: null]]></system-out>
         <system-err><![CDATA[]]></system-err>
      </testcase>
      <testcase name="Test Cases/Login" time="7.737" classname="Test Cases/Login" status="PASSED">
         <system-out><![CDATA[2022-05-25 08:33:42 - [TEST_CASE][PASSED] - Test Cases/Login: Test Cases/Login

2022-05-25 08:33:42 - [TEST_STEP][PASSED] - Start listener action : sampleBeforeTestCase: null

2022-05-25 08:33:42 - [TEST_STEP][PASSED] - println(testCaseContext.getTestCaseId()): null

2022-05-25 08:33:42 - [TEST_STEP][PASSED] - println(testCaseContext.getTestCaseVariables()): null

2022-05-25 08:33:42 - [TEST_STEP][PASSED] - sendKeys(findTestObject("Login Home Page/Input_Username"), Username): Keys 'training@iits.co.za' sent to object: 'Object Repository/Login Home Page/Input_Username'

2022-05-25 08:33:43 - [MESSAGE][PASSED] - Keys 'training@iits.co.za' sent to object: 'Object Repository/Login Home Page/Input_Username'

2022-05-25 08:33:43 - [TEST_STEP][PASSED] - sendKeys(findTestObject("Login Home Page/Input_Password"), Password): Keys '123456' sent to object: 'Object Repository/Login Home Page/Input_Password'

2022-05-25 08:33:43 - [MESSAGE][PASSED] - Keys '123456' sent to object: 'Object Repository/Login Home Page/Input_Password'

2022-05-25 08:33:43 - [TEST_STEP][PASSED] - click(findTestObject("Login Home Page/Button_Submit")): Object: 'Object Repository/Login Home Page/Button_Submit' is clicked on

2022-05-25 08:33:50 - [MESSAGE][PASSED] - Object: 'Object Repository/Login Home Page/Button_Submit' is clicked on

2022-05-25 08:33:50 - [TEST_STEP][PASSED] - Start listener action : sampleAfterTestCase: null]]></system-out>
         <system-err><![CDATA[]]></system-err>
      </testcase>
      <testcase name="Test Cases/Add Bulk Billing" time="19.344" classname="Test Cases/Add Bulk Billing" status="PASSED">
         <system-out><![CDATA[2022-05-25 08:33:50 - [TEST_CASE][PASSED] - Test Cases/Add Bulk Billing: Test Cases/Add Bulk Billing

2022-05-25 08:33:50 - [TEST_STEP][PASSED] - Start listener action : sampleBeforeTestCase: null

2022-05-25 08:33:50 - [TEST_STEP][PASSED] - println(testCaseContext.getTestCaseId()): null

2022-05-25 08:33:50 - [TEST_STEP][PASSED] - println(testCaseContext.getTestCaseVariables()): null

2022-05-25 08:33:50 - [TEST_STEP][PASSED] - click(findTestObject("Page_Main Dashboard/Menu/a_Bulk Billing")): Object: 'Object Repository/Page_Main Dashboard/Menu/a_Bulk Billing' is clicked on

2022-05-25 08:33:51 - [MESSAGE][PASSED] - Object: 'Object Repository/Page_Main Dashboard/Menu/a_Bulk Billing' is clicked on

2022-05-25 08:33:51 - [TEST_STEP][PASSED] - click(findTestObject("Bulk Billing/Button_Add Billing Run")): Object: 'Object Repository/Bulk Billing/Button_Add Billing Run' is clicked on

2022-05-25 08:33:56 - [MESSAGE][PASSED] - Object: 'Object Repository/Bulk Billing/Button_Add Billing Run' is clicked on

2022-05-25 08:33:56 - [TEST_STEP][PASSED] - click(findTestObject("Bulk Billing/Add Billing Run/drop_arrow_Billing Category")): Object: 'Object Repository/Bulk Billing/Add Billing Run/drop_arrow_Billing Category' is clicked on

2022-05-25 08:33:58 - [MESSAGE][PASSED] - Object: 'Object Repository/Bulk Billing/Add Billing Run/drop_arrow_Billing Category' is clicked on

2022-05-25 08:33:58 - [TEST_STEP][PASSED] - click(findTestObject("Bulk Billing/Add Billing Run/drop_Billing Category_Option_Index_1")): Object: 'Object Repository/Bulk Billing/Add Billing Run/drop_Billing Category_Option_Index_1' is clicked on

2022-05-25 08:33:59 - [MESSAGE][PASSED] - Object: 'Object Repository/Bulk Billing/Add Billing Run/drop_Billing Category_Option_Index_1' is clicked on

2022-05-25 08:33:59 - [TEST_STEP][PASSED] - click(findTestObject("Bulk Billing/Add Billing Run/input_From Date Description")): Object: 'Object Repository/Bulk Billing/Add Billing Run/input_From Date Description' is clicked on

2022-05-25 08:33:59 - [MESSAGE][PASSED] - Object: 'Object Repository/Bulk Billing/Add Billing Run/input_From Date Description' is clicked on

2022-05-25 08:33:59 - [TEST_STEP][PASSED] - setText(findTestObject("Bulk Billing/Add Billing Run/input_From Date Description"), "2022-05-01"): Text '2022-05-01' is set on object 'Object Repository/Bulk Billing/Add Billing Run/input_From Date Description'

2022-05-25 08:34:00 - [MESSAGE][PASSED] - Text '2022-05-01' is set on object 'Object Repository/Bulk Billing/Add Billing Run/input_From Date Description'

2022-05-25 08:34:00 - [TEST_STEP][PASSED] - click(findTestObject("Bulk Billing/Add Billing Run/input_To Date Description")): Object: 'Object Repository/Bulk Billing/Add Billing Run/input_To Date Description' is clicked on

2022-05-25 08:34:01 - [MESSAGE][PASSED] - Object: 'Object Repository/Bulk Billing/Add Billing Run/input_To Date Description' is clicked on

2022-05-25 08:34:01 - [TEST_STEP][PASSED] - setText(findTestObject("Bulk Billing/Add Billing Run/input_To Date Description"), "2022-05-31"): Text '2022-05-31' is set on object 'Object Repository/Bulk Billing/Add Billing Run/input_To Date Description'

2022-05-25 08:34:01 - [MESSAGE][PASSED] - Text '2022-05-31' is set on object 'Object Repository/Bulk Billing/Add Billing Run/input_To Date Description'

2022-05-25 08:34:01 - [TEST_STEP][PASSED] - click(findTestObject("Bulk Billing/Add Billing Run/drop_arrow_Service Name")): Object: 'Object Repository/Bulk Billing/Add Billing Run/drop_arrow_Service Name' is clicked on

2022-05-25 08:34:02 - [MESSAGE][PASSED] - Object: 'Object Repository/Bulk Billing/Add Billing Run/drop_arrow_Service Name' is clicked on

2022-05-25 08:34:02 - [TEST_STEP][PASSED] - click(findTestObject("Bulk Billing/Add Billing Run/check_Service Name_Index_0")): Object: 'Object Repository/Bulk Billing/Add Billing Run/check_Service Name_Index_0' is clicked on

2022-05-25 08:34:02 - [MESSAGE][PASSED] - Object: 'Object Repository/Bulk Billing/Add Billing Run/check_Service Name_Index_0' is clicked on

2022-05-25 08:34:02 - [TEST_STEP][PASSED] - switchToDefaultContent(): null

2022-05-25 08:34:03 - [TEST_STEP][PASSED] - click(findTestObject("Bulk Billing/Add Billing Run/drop_arrow_Service Name")): Object: 'Object Repository/Bulk Billing/Add Billing Run/drop_arrow_Service Name' is clicked on

2022-05-25 08:34:08 - [MESSAGE][PASSED] - Object: 'Object Repository/Bulk Billing/Add Billing Run/drop_arrow_Service Name' is clicked on

2022-05-25 08:34:08 - [TEST_STEP][PASSED] - waitForElementPresent(findTestObject("Bulk Billing/Add Billing Run/Button_Charge"), 2): Object 'Object Repository/Bulk Billing/Add Billing Run/Button_Charge' is present

2022-05-25 08:34:08 - [MESSAGE][PASSED] - Object 'Object Repository/Bulk Billing/Add Billing Run/Button_Charge' is present

2022-05-25 08:34:08 - [TEST_STEP][PASSED] - verifyElementClickable(findTestObject("Bulk Billing/Add Billing Run/Button_Charge")): Object 'Object Repository/Bulk Billing/Add Billing Run/Button_Charge' is clickable

2022-05-25 08:34:09 - [MESSAGE][PASSED] - Object 'Object Repository/Bulk Billing/Add Billing Run/Button_Charge' is clickable

2022-05-25 08:34:09 - [TEST_STEP][PASSED] - click(findTestObject("Bulk Billing/Add Billing Run/Button_Charge")): Object: 'Object Repository/Bulk Billing/Add Billing Run/Button_Charge' is clicked on

2022-05-25 08:34:09 - [MESSAGE][PASSED] - Object: 'Object Repository/Bulk Billing/Add Billing Run/Button_Charge' is clicked on

2022-05-25 08:34:09 - [TEST_STEP][PASSED] - Start listener action : sampleAfterTestCase: null]]></system-out>
         <system-err><![CDATA[]]></system-err>
      </testcase>
      <system-out><![CDATA[2022-05-25 08:33:36 - [TEST_SUITE][PASSED] - Add Bulk Billing: Test Cases/Add Bulk Billing]]></system-out>
      <system-err><![CDATA[]]></system-err>
   </testsuite>
</testsuites>
