<?xml version="1.0" encoding="UTF-8"?>
<testsuites name="Create New User" time="24.173" tests="2" failures="0" errors="0">
   <testsuite name="Create New User" tests="2" failures="0" errors="0" time="24.173" skipped="0" timestamp="2022-03-14 10:33:20" hostname="sulet - LAPTOP-DQHJD5FF" id="Test Suites/Create New User">
      <properties>
         <property name="deviceName" value=""/>
         <property name="devicePlatform" value=""/>
         <property name="logFolder" value="C:\\Users\\sulet\\Katalon Studio\\AdminOnline\\Reports\\20220314_103304\\Create New User\\20220314_103304"/>
         <property name="logFiles" value="C:\\Users\\sulet\\Katalon Studio\\AdminOnline\\Reports\\20220314_103304\\Create New User\\20220314_103304\\execution0.log"/>
         <property name="attachments" value=""/>
         <property name="hostName" value="sulet - LAPTOP-DQHJD5FF"/>
         <property name="os" value="Windows 10 64bit"/>
         <property name="katalonVersion" value="8.2.5.208"/>
         <property name="browser" value="Chrome 99.0.4844.51"/>
         <property name="hostAddress" value="192.168.3.94"/>
         <property name="sessionId" value="cf7fcde9718b640d5f5c6a41b3a427d9"/>
         <property name="seleniumVersion" value="3.141.59"/>
         <property name="proxyInformation" value="ProxyInformation { proxyOption=NO_PROXY, proxyServerType=HTTP, username=, password=********, proxyServerAddress=, proxyServerPort=0, executionList=&quot;&quot;, isApplyToDesiredCapabilities=true }"/>
         <property name="platform" value="Windows 10"/>
      </properties>
      <testcase name="Test Cases/Open Browser" time="10.131" classname="Test Cases/Open Browser" status="PASSED">
         <system-out><![CDATA[2022-03-14 10:33:20 - [TEST_CASE][PASSED] - Test Cases/Open Browser: Test Cases/Open Browser

2022-03-14 10:33:20 - [TEST_STEP][PASSED] - openBrowser(URL): Browser is opened with url: 'gilbert.adminonline.co.za'

2022-03-14 10:33:21 - [MESSAGE][INFO] - Starting 'Chrome' driver

2022-03-14 10:33:21 - [MESSAGE][INFO] - Action delay is set to 0 milliseconds

2022-03-14 10:33:30 - [MESSAGE][PASSED] - Browser is opened with url: 'gilbert.adminonline.co.za'

2022-03-14 10:33:30 - [TEST_STEP][PASSED] - verifyMatch(getWindowTitle(), "Test System AdminOnline", false): Actual text 'Test System AdminOnline' and expected text 'Test System AdminOnline' are matched 

2022-03-14 10:33:30 - [MESSAGE][PASSED] - Current window's title is: 'Test System AdminOnline'

2022-03-14 10:33:30 - [MESSAGE][PASSED] - Actual text 'Test System AdminOnline' and expected text 'Test System AdminOnline' are matched]]></system-out>
         <system-err><![CDATA[]]></system-err>
      </testcase>
      <testcase name="Test Cases/Login" time="13.714" classname="Test Cases/Login" status="PASSED">
         <system-out><![CDATA[2022-03-14 10:33:30 - [TEST_CASE][PASSED] - Test Cases/Login: Test Cases/Login

2022-03-14 10:33:30 - [TEST_STEP][PASSED] - sendKeys(findTestObject("Object Repository/Login Home Page/Login Username"), Username): Keys 'training@iits.co.za' sent to object: 'Object Repository/Login Home Page/Login Username'

2022-03-14 10:33:31 - [MESSAGE][PASSED] - Keys 'training@iits.co.za' sent to object: 'Object Repository/Login Home Page/Login Username'

2022-03-14 10:33:31 - [TEST_STEP][PASSED] - sendKeys(findTestObject("Object Repository/Login Home Page/Login Password"), Password): Keys '123456' sent to object: 'Object Repository/Login Home Page/Login Password'

2022-03-14 10:33:31 - [MESSAGE][PASSED] - Keys '123456' sent to object: 'Object Repository/Login Home Page/Login Password'

2022-03-14 10:33:31 - [TEST_STEP][PASSED] - click(findTestObject("Object Repository/Login Home Page/Login Submit")): Object: 'Object Repository/Login Home Page/Login Submit' is clicked on

2022-03-14 10:33:44 - [MESSAGE][PASSED] - Object: 'Object Repository/Login Home Page/Login Submit' is clicked on]]></system-out>
         <system-err><![CDATA[]]></system-err>
      </testcase>
      <system-out><![CDATA[2022-03-14 10:33:20 - [TEST_SUITE][PASSED] - Create New User: Test Cases/Login]]></system-out>
      <system-err><![CDATA[]]></system-err>
   </testsuite>
</testsuites>
