<?xml version="1.0" encoding="UTF-8"?>
<testsuites name="Add Bulk Billing" time="36.245" tests="3" failures="0" errors="0">
   <testsuite name="Add Bulk Billing" tests="3" failures="0" errors="0" time="36.245" skipped="0" timestamp="2022-05-26 07:12:57" hostname="sulet - LAPTOP-DQHJD5FF" id="Test Suites/Add Bulk Billing">
      <properties>
         <property name="deviceName" value=""/>
         <property name="devicePlatform" value=""/>
         <property name="logFolder" value="C:\\Users\\sulet\\Katalon Studio\\AdminOnline\\Reports\\20220526_071251\\Add Bulk Billing\\20220526_071251"/>
         <property name="logFiles" value="C:\\Users\\sulet\\Katalon Studio\\AdminOnline\\Reports\\20220526_071251\\Add Bulk Billing\\20220526_071251\\execution0.log"/>
         <property name="attachments" value=""/>
         <property name="hostName" value="sulet - LAPTOP-DQHJD5FF"/>
         <property name="os" value="Windows 10 64bit"/>
         <property name="katalonVersion" value="8.3.5.208"/>
         <property name="browser" value="Chrome 101.0.4951.67"/>
         <property name="hostAddress" value="192.168.11.149"/>
         <property name="sessionId" value="72700f10313c8551df00e3536fccdf84"/>
         <property name="seleniumVersion" value="3.141.59"/>
         <property name="proxyInformation" value="ProxyInformation { proxyOption=NO_PROXY, proxyServerType=HTTP, username=, password=********, proxyServerAddress=, proxyServerPort=0, executionList=&quot;&quot;, isApplyToDesiredCapabilities=true }"/>
         <property name="platform" value="Windows 10"/>
      </properties>
      <testcase name="Test Cases/Open Browser" time="0.394" classname="Test Cases/Open Browser" status="PASSED">
         <system-out><![CDATA[2022-05-26 07:13:02 - [TEST_CASE][PASSED] - Test Cases/Open Browser: Test Cases/Open Browser

2022-05-26 07:13:02 - [TEST_STEP][PASSED] - Start listener action : sampleBeforeTestCase: null

2022-05-26 07:13:02 - [TEST_STEP][PASSED] - println(testCaseContext.getTestCaseId()): null

2022-05-26 07:13:02 - [TEST_STEP][PASSED] - println(testCaseContext.getTestCaseVariables()): null

2022-05-26 07:13:02 - [TEST_STEP][PASSED] - verifyMatch(getWindowTitle(), "Test System AdminOnline", false): Actual text 'Test System AdminOnline' and expected text 'Test System AdminOnline' are matched 

2022-05-26 07:13:02 - [MESSAGE][PASSED] - Current window's title is: 'Test System AdminOnline'

2022-05-26 07:13:02 - [MESSAGE][PASSED] - Actual text 'Test System AdminOnline' and expected text 'Test System AdminOnline' are matched 

2022-05-26 07:13:02 - [TEST_STEP][PASSED] - Start listener action : sampleAfterTestCase: null]]></system-out>
         <system-err><![CDATA[]]></system-err>
      </testcase>
      <testcase name="Test Cases/Login" time="3.236" classname="Test Cases/Login" status="PASSED">
         <system-out><![CDATA[2022-05-26 07:13:02 - [TEST_CASE][PASSED] - Test Cases/Login: Test Cases/Login

2022-05-26 07:13:02 - [TEST_STEP][PASSED] - Start listener action : sampleBeforeTestCase: null

2022-05-26 07:13:02 - [TEST_STEP][PASSED] - println(testCaseContext.getTestCaseId()): null

2022-05-26 07:13:02 - [TEST_STEP][PASSED] - println(testCaseContext.getTestCaseVariables()): null

2022-05-26 07:13:03 - [TEST_STEP][PASSED] - sendKeys(findTestObject("Login Home Page/Input_Username"), Username): Keys 'training@iits.co.za' sent to object: 'Object Repository/Login Home Page/Input_Username'

2022-05-26 07:13:03 - [MESSAGE][PASSED] - Keys 'training@iits.co.za' sent to object: 'Object Repository/Login Home Page/Input_Username'

2022-05-26 07:13:03 - [TEST_STEP][PASSED] - sendKeys(findTestObject("Login Home Page/Input_Password"), Password): Keys '123456' sent to object: 'Object Repository/Login Home Page/Input_Password'

2022-05-26 07:13:04 - [MESSAGE][PASSED] - Keys '123456' sent to object: 'Object Repository/Login Home Page/Input_Password'

2022-05-26 07:13:04 - [TEST_STEP][PASSED] - click(findTestObject("Login Home Page/Button_Submit")): Object: 'Object Repository/Login Home Page/Button_Submit' is clicked on

2022-05-26 07:13:06 - [MESSAGE][PASSED] - Object: 'Object Repository/Login Home Page/Button_Submit' is clicked on

2022-05-26 07:13:06 - [TEST_STEP][PASSED] - Start listener action : sampleAfterTestCase: null]]></system-out>
         <system-err><![CDATA[]]></system-err>
      </testcase>
      <testcase name="Test Cases/Add Bulk Billing" time="27.941" classname="Test Cases/Add Bulk Billing" status="PASSED">
         <system-out><![CDATA[2022-05-26 07:13:06 - [TEST_CASE][PASSED] - Test Cases/Add Bulk Billing: Test Cases/Add Bulk Billing

2022-05-26 07:13:06 - [TEST_STEP][PASSED] - Start listener action : sampleBeforeTestCase: null

2022-05-26 07:13:06 - [TEST_STEP][PASSED] - println(testCaseContext.getTestCaseId()): null

2022-05-26 07:13:06 - [TEST_STEP][PASSED] - println(testCaseContext.getTestCaseVariables()): null

2022-05-26 07:13:06 - [TEST_STEP][PASSED] - click(findTestObject("Page_Main Dashboard/Menu/a_Bulk Billing")): Object: 'Object Repository/Page_Main Dashboard/Menu/a_Bulk Billing' is clicked on

2022-05-26 07:13:08 - [MESSAGE][PASSED] - Object: 'Object Repository/Page_Main Dashboard/Menu/a_Bulk Billing' is clicked on

2022-05-26 07:13:08 - [TEST_STEP][PASSED] - click(findTestObject("Bulk Billing/Button_Add Billing Run")): Object: 'Object Repository/Bulk Billing/Button_Add Billing Run' is clicked on

2022-05-26 07:13:12 - [MESSAGE][PASSED] - Object: 'Object Repository/Bulk Billing/Button_Add Billing Run' is clicked on

2022-05-26 07:13:12 - [TEST_STEP][PASSED] - click(findTestObject("Bulk Billing/Add Billing Run/drop_arrow_Billing Category")): Object: 'Object Repository/Bulk Billing/Add Billing Run/drop_arrow_Billing Category' is clicked on

2022-05-26 07:13:13 - [MESSAGE][PASSED] - Object: 'Object Repository/Bulk Billing/Add Billing Run/drop_arrow_Billing Category' is clicked on

2022-05-26 07:13:13 - [TEST_STEP][PASSED] - click(findTestObject("Bulk Billing/Add Billing Run/drop_Billing Category_Option_Index_1")): Object: 'Object Repository/Bulk Billing/Add Billing Run/drop_Billing Category_Option_Index_1' is clicked on

2022-05-26 07:13:13 - [MESSAGE][PASSED] - Object: 'Object Repository/Bulk Billing/Add Billing Run/drop_Billing Category_Option_Index_1' is clicked on

2022-05-26 07:13:13 - [TEST_STEP][PASSED] - click(findTestObject("Bulk Billing/Add Billing Run/input_From Date Description")): Object: 'Object Repository/Bulk Billing/Add Billing Run/input_From Date Description' is clicked on

2022-05-26 07:13:14 - [MESSAGE][PASSED] - Object: 'Object Repository/Bulk Billing/Add Billing Run/input_From Date Description' is clicked on

2022-05-26 07:13:14 - [TEST_STEP][PASSED] - setText(findTestObject("Bulk Billing/Add Billing Run/input_From Date Description"), "2022-05-01"): Text '2022-05-01' is set on object 'Object Repository/Bulk Billing/Add Billing Run/input_From Date Description'

2022-05-26 07:13:15 - [MESSAGE][PASSED] - Text '2022-05-01' is set on object 'Object Repository/Bulk Billing/Add Billing Run/input_From Date Description'

2022-05-26 07:13:15 - [TEST_STEP][PASSED] - click(findTestObject("Bulk Billing/Add Billing Run/input_To Date Description")): Object: 'Object Repository/Bulk Billing/Add Billing Run/input_To Date Description' is clicked on

2022-05-26 07:13:15 - [MESSAGE][PASSED] - Object: 'Object Repository/Bulk Billing/Add Billing Run/input_To Date Description' is clicked on

2022-05-26 07:13:15 - [TEST_STEP][PASSED] - setText(findTestObject("Bulk Billing/Add Billing Run/input_To Date Description"), "2022-05-31"): Text '2022-05-31' is set on object 'Object Repository/Bulk Billing/Add Billing Run/input_To Date Description'

2022-05-26 07:13:16 - [MESSAGE][PASSED] - Text '2022-05-31' is set on object 'Object Repository/Bulk Billing/Add Billing Run/input_To Date Description'

2022-05-26 07:13:16 - [TEST_STEP][PASSED] - click(findTestObject("Bulk Billing/Add Billing Run/drop_arrow_Service Name")): Object: 'Object Repository/Bulk Billing/Add Billing Run/drop_arrow_Service Name' is clicked on

2022-05-26 07:13:17 - [MESSAGE][PASSED] - Object: 'Object Repository/Bulk Billing/Add Billing Run/drop_arrow_Service Name' is clicked on

2022-05-26 07:13:17 - [TEST_STEP][PASSED] - click(findTestObject("Bulk Billing/Add Billing Run/check_Service Name_Index_0")): Object: 'Object Repository/Bulk Billing/Add Billing Run/check_Service Name_Index_0' is clicked on

2022-05-26 07:13:18 - [MESSAGE][PASSED] - Object: 'Object Repository/Bulk Billing/Add Billing Run/check_Service Name_Index_0' is clicked on

2022-05-26 07:13:18 - [TEST_STEP][PASSED] - switchToDefaultContent(): null

2022-05-26 07:13:18 - [TEST_STEP][PASSED] - sendKeys(findTestObject(null), Keys.chord(ESCAPE)): Keys 'ESCAPE + ' sent to object: 'tempBody'

2022-05-26 07:13:18 - [MESSAGE][WARNING] - Test object id is null

2022-05-26 07:13:18 - [MESSAGE][WARNING] - Test object with id 'Object Repository/' does not exist

2022-05-26 07:13:19 - [MESSAGE][PASSED] - Keys 'ESCAPE + ' sent to object: 'tempBody'

2022-05-26 07:13:19 - [TEST_STEP][PASSED] - click(findTestObject("Bulk Billing/Add Billing Run/Button_Charge")): Object: 'Object Repository/Bulk Billing/Add Billing Run/Button_Charge' is clicked on

2022-05-26 07:13:34 - [MESSAGE][PASSED] - Object: 'Object Repository/Bulk Billing/Add Billing Run/Button_Charge' is clicked on

2022-05-26 07:13:34 - [TEST_STEP][PASSED] - Start listener action : sampleAfterTestCase: null]]></system-out>
         <system-err><![CDATA[]]></system-err>
      </testcase>
      <system-out><![CDATA[2022-05-26 07:12:57 - [TEST_SUITE][PASSED] - Add Bulk Billing: Test Cases/Add Bulk Billing]]></system-out>
      <system-err><![CDATA[]]></system-err>
   </testsuite>
</testsuites>
