<?xml version="1.0" encoding="UTF-8"?>
<testsuites name="Add Bulk Billing" time="46.931" tests="3" failures="0" errors="0">
   <testsuite name="Add Bulk Billing" tests="3" failures="0" errors="0" time="46.931" skipped="0" timestamp="2022-05-24 11:43:06" hostname="sulet - 192.168.0.103" id="Test Suites/Add Bulk Billing">
      <properties>
         <property name="deviceName" value=""/>
         <property name="devicePlatform" value=""/>
         <property name="logFolder" value="C:\\Users\\sulet\\Katalon Studio\\AdminOnline\\Reports\\20220524_114256\\Add Bulk Billing\\20220524_114256"/>
         <property name="logFiles" value="C:\\Users\\sulet\\Katalon Studio\\AdminOnline\\Reports\\20220524_114256\\Add Bulk Billing\\20220524_114256\\execution0.log"/>
         <property name="attachments" value=""/>
         <property name="hostName" value="sulet - 192.168.0.103"/>
         <property name="os" value="Windows 10 64bit"/>
         <property name="katalonVersion" value="8.3.5.208"/>
         <property name="browser" value="Chrome 101.0.4951.67"/>
         <property name="hostAddress" value="192.168.0.103"/>
         <property name="sessionId" value="2fb1a29d8e8e4ed6f31736db44ec6544"/>
         <property name="seleniumVersion" value="3.141.59"/>
         <property name="proxyInformation" value="ProxyInformation { proxyOption=NO_PROXY, proxyServerType=HTTP, username=, password=********, proxyServerAddress=, proxyServerPort=0, executionList=&quot;&quot;, isApplyToDesiredCapabilities=true }"/>
         <property name="platform" value="Windows 10"/>
      </properties>
      <testcase name="Test Cases/Open Browser" time="0.381" classname="Test Cases/Open Browser" status="PASSED">
         <system-out><![CDATA[2022-05-24 11:43:12 - [TEST_CASE][PASSED] - Test Cases/Open Browser: Test Cases/Open Browser

2022-05-24 11:43:12 - [TEST_STEP][PASSED] - Start listener action : sampleBeforeTestCase: null

2022-05-24 11:43:12 - [TEST_STEP][PASSED] - println(testCaseContext.getTestCaseId()): null

2022-05-24 11:43:12 - [TEST_STEP][PASSED] - println(testCaseContext.getTestCaseVariables()): null

2022-05-24 11:43:12 - [TEST_STEP][PASSED] - verifyMatch(getWindowTitle(), "Test System AdminOnline", false): Actual text 'Test System AdminOnline' and expected text 'Test System AdminOnline' are matched 

2022-05-24 11:43:12 - [MESSAGE][PASSED] - Current window's title is: 'Test System AdminOnline'

2022-05-24 11:43:13 - [MESSAGE][PASSED] - Actual text 'Test System AdminOnline' and expected text 'Test System AdminOnline' are matched 

2022-05-24 11:43:13 - [TEST_STEP][PASSED] - Start listener action : sampleAfterTestCase: null]]></system-out>
         <system-err><![CDATA[]]></system-err>
      </testcase>
      <testcase name="Test Cases/Login" time="7.051" classname="Test Cases/Login" status="PASSED">
         <system-out><![CDATA[2022-05-24 11:43:13 - [TEST_CASE][PASSED] - Test Cases/Login: Test Cases/Login

2022-05-24 11:43:13 - [TEST_STEP][PASSED] - Start listener action : sampleBeforeTestCase: null

2022-05-24 11:43:13 - [TEST_STEP][PASSED] - println(testCaseContext.getTestCaseId()): null

2022-05-24 11:43:13 - [TEST_STEP][PASSED] - println(testCaseContext.getTestCaseVariables()): null

2022-05-24 11:43:13 - [TEST_STEP][PASSED] - sendKeys(findTestObject("Login Home Page/Input_Username"), Username): Keys 'training@iits.co.za' sent to object: 'Object Repository/Login Home Page/Input_Username'

2022-05-24 11:43:13 - [MESSAGE][PASSED] - Keys 'training@iits.co.za' sent to object: 'Object Repository/Login Home Page/Input_Username'

2022-05-24 11:43:13 - [TEST_STEP][PASSED] - sendKeys(findTestObject("Login Home Page/Input_Password"), Password): Keys '123456' sent to object: 'Object Repository/Login Home Page/Input_Password'

2022-05-24 11:43:14 - [MESSAGE][PASSED] - Keys '123456' sent to object: 'Object Repository/Login Home Page/Input_Password'

2022-05-24 11:43:14 - [TEST_STEP][PASSED] - click(findTestObject("Login Home Page/Button_Submit")): Object: 'Object Repository/Login Home Page/Button_Submit' is clicked on

2022-05-24 11:43:20 - [MESSAGE][PASSED] - Object: 'Object Repository/Login Home Page/Button_Submit' is clicked on

2022-05-24 11:43:20 - [TEST_STEP][PASSED] - Start listener action : sampleAfterTestCase: null]]></system-out>
         <system-err><![CDATA[]]></system-err>
      </testcase>
      <testcase name="Test Cases/Add Bulk Billing" time="33.296" classname="Test Cases/Add Bulk Billing" status="PASSED">
         <system-out><![CDATA[2022-05-24 11:43:20 - [TEST_CASE][PASSED] - Test Cases/Add Bulk Billing: Test Cases/Add Bulk Billing

2022-05-24 11:43:20 - [TEST_STEP][PASSED] - Start listener action : sampleBeforeTestCase: null

2022-05-24 11:43:20 - [TEST_STEP][PASSED] - println(testCaseContext.getTestCaseId()): null

2022-05-24 11:43:20 - [TEST_STEP][PASSED] - println(testCaseContext.getTestCaseVariables()): null

2022-05-24 11:43:20 - [TEST_STEP][PASSED] - click(findTestObject("Page_Main Dashboard/Menu/a_Bulk Billing")): Object: 'Object Repository/Page_Main Dashboard/Menu/a_Bulk Billing' is clicked on

2022-05-24 11:43:21 - [MESSAGE][PASSED] - Object: 'Object Repository/Page_Main Dashboard/Menu/a_Bulk Billing' is clicked on

2022-05-24 11:43:21 - [TEST_STEP][PASSED] - click(findTestObject("Bulk Billing/Button_Add Billing Run")): Object: 'Object Repository/Bulk Billing/Button_Add Billing Run' is clicked on

2022-05-24 11:43:27 - [MESSAGE][PASSED] - Object: 'Object Repository/Bulk Billing/Button_Add Billing Run' is clicked on

2022-05-24 11:43:27 - [TEST_STEP][PASSED] - click(findTestObject("Bulk Billing/Add Billing Run/drop_arrow_Billing Category")): Object: 'Object Repository/Bulk Billing/Add Billing Run/drop_arrow_Billing Category' is clicked on

2022-05-24 11:43:31 - [MESSAGE][PASSED] - Object: 'Object Repository/Bulk Billing/Add Billing Run/drop_arrow_Billing Category' is clicked on

2022-05-24 11:43:31 - [TEST_STEP][PASSED] - click(findTestObject("Bulk Billing/Add Billing Run/drop_Billing Category_Option_Index_1")): Object: 'Object Repository/Bulk Billing/Add Billing Run/drop_Billing Category_Option_Index_1' is clicked on

2022-05-24 11:43:32 - [MESSAGE][PASSED] - Object: 'Object Repository/Bulk Billing/Add Billing Run/drop_Billing Category_Option_Index_1' is clicked on

2022-05-24 11:43:32 - [TEST_STEP][PASSED] - click(findTestObject("Bulk Billing/Add Billing Run/input_From Date Description")): Object: 'Object Repository/Bulk Billing/Add Billing Run/input_From Date Description' is clicked on

2022-05-24 11:43:32 - [MESSAGE][PASSED] - Object: 'Object Repository/Bulk Billing/Add Billing Run/input_From Date Description' is clicked on

2022-05-24 11:43:32 - [TEST_STEP][PASSED] - setText(findTestObject("Bulk Billing/Add Billing Run/input_From Date Description"), "2022-05-01"): Text '2022-05-01' is set on object 'Object Repository/Bulk Billing/Add Billing Run/input_From Date Description'

2022-05-24 11:43:33 - [MESSAGE][PASSED] - Text '2022-05-01' is set on object 'Object Repository/Bulk Billing/Add Billing Run/input_From Date Description'

2022-05-24 11:43:33 - [TEST_STEP][PASSED] - click(findTestObject("Bulk Billing/Add Billing Run/input_To Date Description")): Object: 'Object Repository/Bulk Billing/Add Billing Run/input_To Date Description' is clicked on

2022-05-24 11:43:33 - [MESSAGE][PASSED] - Object: 'Object Repository/Bulk Billing/Add Billing Run/input_To Date Description' is clicked on

2022-05-24 11:43:33 - [TEST_STEP][PASSED] - setText(findTestObject("Bulk Billing/Add Billing Run/input_To Date Description"), "2022-05-31"): Text '2022-05-31' is set on object 'Object Repository/Bulk Billing/Add Billing Run/input_To Date Description'

2022-05-24 11:43:34 - [MESSAGE][PASSED] - Text '2022-05-31' is set on object 'Object Repository/Bulk Billing/Add Billing Run/input_To Date Description'

2022-05-24 11:43:34 - [TEST_STEP][PASSED] - click(findTestObject("Bulk Billing/Add Billing Run/drop_arrow_Service Name")): Object: 'Object Repository/Bulk Billing/Add Billing Run/drop_arrow_Service Name' is clicked on

2022-05-24 11:43:34 - [MESSAGE][PASSED] - Object: 'Object Repository/Bulk Billing/Add Billing Run/drop_arrow_Service Name' is clicked on

2022-05-24 11:43:34 - [TEST_STEP][PASSED] - click(findTestObject("Bulk Billing/Add Billing Run/check_Service Name_Index_0")): Object: 'Object Repository/Bulk Billing/Add Billing Run/check_Service Name_Index_0' is clicked on

2022-05-24 11:43:35 - [MESSAGE][PASSED] - Object: 'Object Repository/Bulk Billing/Add Billing Run/check_Service Name_Index_0' is clicked on

2022-05-24 11:43:35 - [TEST_STEP][PASSED] - js = "document.querySelector("#isc_84").click();": null

2022-05-24 11:43:35 - [TEST_STEP][PASSED] - executeJavaScript(js, null): Execute JavaScript 'document.querySelector("#isc_84").click();' successfully

2022-05-24 11:43:35 - [MESSAGE][PASSED] - Execute JavaScript 'document.querySelector("#isc_84").click();' successfully

2022-05-24 11:43:35 - [TEST_STEP][PASSED] - waitForElementPresent(findTestObject("Bulk Billing/Add Billing Run/Button_Charge"), 2): Object 'Object Repository/Bulk Billing/Add Billing Run/Button_Charge' is present

2022-05-24 11:43:35 - [MESSAGE][PASSED] - Object 'Object Repository/Bulk Billing/Add Billing Run/Button_Charge' is present

2022-05-24 11:43:35 - [TEST_STEP][PASSED] - verifyElementClickable(findTestObject("Bulk Billing/Add Billing Run/Button_Charge")): Object 'Object Repository/Bulk Billing/Add Billing Run/Button_Charge' is clickable

2022-05-24 11:43:36 - [MESSAGE][PASSED] - Object 'Object Repository/Bulk Billing/Add Billing Run/Button_Charge' is clickable

2022-05-24 11:43:36 - [TEST_STEP][PASSED] - click(findTestObject("Bulk Billing/Add Billing Run/Button_Charge")): Object: 'Object Repository/Bulk Billing/Add Billing Run/Button_Charge' is clicked on

2022-05-24 11:43:53 - [MESSAGE][PASSED] - Object: 'Object Repository/Bulk Billing/Add Billing Run/Button_Charge' is clicked on

2022-05-24 11:43:53 - [TEST_STEP][PASSED] - Start listener action : sampleAfterTestCase: null]]></system-out>
         <system-err><![CDATA[]]></system-err>
      </testcase>
      <system-out><![CDATA[2022-05-24 11:43:06 - [TEST_SUITE][PASSED] - Add Bulk Billing: Test Cases/Add Bulk Billing]]></system-out>
      <system-err><![CDATA[]]></system-err>
   </testsuite>
</testsuites>
